2022-04-12 14:50:11,043 INFO  StartupInfoLogger:55 - [] Starting ProductserviceApplication using Java 17.0.2 on LIN24008940 with PID 15896 (C:\Users\spande10\Desktop\CaseStudy\productservice\productservice\target\classes started by spande10 in c:\Users\spande10\Desktop\CaseStudy\productservice\productservice)
2022-04-12 14:50:11,060 INFO  SpringApplication:640 - [] No active profile set, falling back to 1 default profile: "default"
2022-04-12 14:50:12,356 INFO  RepositoryConfigurationDelegate:132 - [] Bootstrapping Spring Data MongoDB repositories in DEFAULT mode.
2022-04-12 14:50:12,531 INFO  RepositoryConfigurationDelegate:201 - [] Finished Spring Data repository scanning in 167 ms. Found 1 MongoDB repository interfaces.
2022-04-12 14:50:12,843 INFO  GenericScope:283 - [] BeanFactory id=f73cf418-02e0-31f6-96f3-3e33f4ab2e94
2022-04-12 14:50:13,246 INFO  TomcatWebServer:108 - [] Tomcat initialized with port(s): 7002 (http)
2022-04-12 14:50:13,259 INFO  DirectJDKLog:173 - [] Starting service [Tomcat]
2022-04-12 14:50:13,260 INFO  DirectJDKLog:173 - [] Starting Servlet engine: [Apache Tomcat/9.0.58]
2022-04-12 14:50:13,446 INFO  DirectJDKLog:173 - [] Initializing Spring embedded WebApplicationContext
2022-04-12 14:50:13,449 INFO  ServletWebServerApplicationContext:290 - [] Root WebApplicationContext: initialization completed in 2277 ms
2022-04-12 14:50:13,720 INFO  SLF4JLogger:71 - [] Cluster created with settings {hosts=[localhost:27017], mode=SINGLE, requiredClusterType=UNKNOWN, serverSelectionTimeout='30000 ms'}
2022-04-12 14:50:13,844 INFO  SLF4JLogger:71 - [] Opened connection [connectionId{localValue:2, serverValue:6}] to localhost:27017
2022-04-12 14:50:13,844 INFO  SLF4JLogger:71 - [] Opened connection [connectionId{localValue:1, serverValue:7}] to localhost:27017
2022-04-12 14:50:13,846 INFO  SLF4JLogger:71 - [] Monitor thread successfully connected to server with description ServerDescription{address=localhost:27017, type=STANDALONE, state=CONNECTED, ok=true, minWireVersion=0, maxWireVersion=13, maxDocumentSize=16777216, logicalSessionTimeoutMinutes=30, roundTripTimeNanos=31921900}
2022-04-12 14:50:13,927 WARN  CustomConversions:261 - [] Registering converter from class java.time.LocalDateTime to class org.joda.time.LocalDateTime as reading converter although it doesn't convert from a store-supported type! You might want to check your annotation setup at the converter implementation.
2022-04-12 14:50:14,164 WARN  CustomConversions:261 - [] Registering converter from class java.time.LocalDateTime to class org.joda.time.LocalDateTime as reading converter although it doesn't convert from a store-supported type! You might want to check your annotation setup at the converter implementation.
2022-04-12 14:50:15,727 INFO  DiscoveryClientOptionalArgsConfiguration:68 - [] Eureka HTTP Client uses RestTemplate.
2022-04-12 14:50:16,006 WARN  LoadBalancerCacheAutoConfiguration$LoadBalancerCaffeineWarnLogger:82 - [] Spring Cloud LoadBalancer is currently working with the default cache. While this cache implementation is useful for development and tests, it's recommended to use Caffeine cache in production.You can switch to using Caffeine cache, by adding it and org.springframework.cache.caffeine.CaffeineCacheManager to the classpath.
2022-04-12 14:50:16,126 INFO  InstanceInfoFactory:67 - [] Setting initial instance status as: STARTING
2022-04-12 14:50:16,219 INFO  DiscoveryClient:372 - [] Initializing Eureka in region us-east-1
2022-04-12 14:50:16,228 INFO  ConfigClusterResolver:43 - [] Resolving eureka endpoints via configuration
2022-04-12 14:50:16,276 INFO  DiscoveryClient:1007 - [] Disable delta property : false
2022-04-12 14:50:16,276 INFO  DiscoveryClient:1008 - [] Single vip registry refresh property : null
2022-04-12 14:50:16,277 INFO  DiscoveryClient:1009 - [] Force full registry fetch : false
2022-04-12 14:50:16,277 INFO  DiscoveryClient:1010 - [] Application is null : false
2022-04-12 14:50:16,278 INFO  DiscoveryClient:1011 - [] Registered Applications size is zero : true
2022-04-12 14:50:16,278 INFO  DiscoveryClient:1013 - [] Application version is -1: true
2022-04-12 14:50:16,279 INFO  DiscoveryClient:1097 - [] Getting all instance registry info from the eureka server
2022-04-12 14:50:16,829 INFO  DiscoveryClient:1106 - [] The response status is 200
2022-04-12 14:50:16,833 INFO  DiscoveryClient:1321 - [] Starting heartbeat executor: renew interval is: 30
2022-04-12 14:50:16,838 INFO  InstanceInfoReplicator:60 - [] InstanceInfoReplicator onDemand update allowed rate per min is 4
2022-04-12 14:50:16,847 INFO  DiscoveryClient:492 - [] Discovery Client initialized at timestamp 1649755216846 with initial instances count: 2
2022-04-12 14:50:16,851 INFO  EurekaServiceRegistry:41 - [] Registering application PRODUCT-SERVICE with eureka with status UP
2022-04-12 14:50:16,853 INFO  DiscoveryClient$3:1352 - [] Saw local status change event StatusChangeEvent [timestamp=1649755216853, current=UP, previous=STARTING]
2022-04-12 14:50:16,856 INFO  DiscoveryClient:873 - [] DiscoveryClient_PRODUCT-SERVICE/LIN24008940.corp.capgemini.com:product-service:7002: registering service...
2022-04-12 14:50:16,914 INFO  TomcatWebServer:220 - [] Tomcat started on port(s): 7002 (http) with context path ''
2022-04-12 14:50:16,915 INFO  EurekaAutoServiceRegistration:144 - [] Updating port to 7002
2022-04-12 14:50:16,932 INFO  DiscoveryClient:882 - [] DiscoveryClient_PRODUCT-SERVICE/LIN24008940.corp.capgemini.com:product-service:7002 - registration status: 204
2022-04-12 14:50:17,041 INFO  DocumentationPluginsBootstrapper:120 - [] Context refreshed
2022-04-12 14:50:17,056 INFO  DocumentationPluginsBootstrapper:123 - [] Found 1 custom documentation plugin(s)
2022-04-12 14:50:17,081 INFO  ApiListingReferenceScanner:41 - [] Scanning for api listing references
2022-04-12 14:50:17,389 INFO  StartupInfoLogger:61 - [] Started ProductserviceApplication in 7.149 seconds (JVM running for 7.989)
2022-04-12 14:51:49,136 INFO  DirectJDKLog:173 - [] Initializing Spring DispatcherServlet 'dispatcherServlet'
2022-04-12 14:51:49,137 INFO  FrameworkServlet:525 - [] Initializing Servlet 'dispatcherServlet'
2022-04-12 14:51:49,138 INFO  FrameworkServlet:547 - [] Completed initialization in 1 ms
2022-04-12 14:51:49,171 DEBUG ProductResource:109 - [] Request Shoes
2022-04-12 14:51:49,233 INFO  SLF4JLogger:71 - [] Opened connection [connectionId{localValue:3, serverValue:8}] to localhost:27017
2022-04-12 14:51:49,291 DEBUG ProductResource:112 - [] Response [Product [category=Shoes, description=Grey-Color, image=https://m.media-amazon.com/images/I/91hl+nIS-3L._AC_UY695_.jpg, price=3500.0, productId=116, productName=Nike-Running-Shoes, productType=Nike-Shoes, rating={1=4.5}, review={3=Excellent Product,Nice Build Quality}, specification={5=Soft Foam}], Product [category=Shoes, description=Perfect-Fit, image=https://m.media-amazon.com/images/I/718TmPwJqiL._AC_SY695._SX._UX._SY._UY_.jpg, price=5000.0, productId=117, productName=Running Shoes , productType=Wonesion-Shoes, rating={1=4.5}, review={3=Excellent Product,Nice Build Quality}, specification={5=Soft Foam}], Product [category=Shoes, description=Black-Color, image=https://m.media-amazon.com/images/I/714aOJAjxSL._AC_UY695_.jpg, price=6000.0, productId=118, productName=Casual Shoes , productType=Adidas-Shoes, rating={1=4.5}, review={3=Excellent Product,Nice Build Quality}, specification={5=Soft Foam}], Product [category=Shoes, description=Grey-Color, image=https://m.media-amazon.com/images/I/71TbZebcB0L._AC_UY695_.jpg, price=4000.0, productId=119, productName=Sports Shoes , productType=Puma-Shoes, rating={1=4.5}, review={3=Excellent Product,Nice Build Quality}, specification={5=Soft Foam}]]
2022-04-12 14:52:03,186 DEBUG ProductResource:109 - [] Request Shoes
2022-04-12 14:52:03,194 DEBUG ProductResource:112 - [] Response [Product [category=Shoes, description=Grey-Color, image=https://m.media-amazon.com/images/I/91hl+nIS-3L._AC_UY695_.jpg, price=3500.0, productId=116, productName=Nike-Running-Shoes, productType=Nike-Shoes, rating={1=4.5}, review={3=Excellent Product,Nice Build Quality}, specification={5=Soft Foam}], Product [category=Shoes, description=Perfect-Fit, image=https://m.media-amazon.com/images/I/718TmPwJqiL._AC_SY695._SX._UX._SY._UY_.jpg, price=5000.0, productId=117, productName=Running Shoes , productType=Wonesion-Shoes, rating={1=4.5}, review={3=Excellent Product,Nice Build Quality}, specification={5=Soft Foam}], Product [category=Shoes, description=Black-Color, image=https://m.media-amazon.com/images/I/714aOJAjxSL._AC_UY695_.jpg, price=6000.0, productId=118, productName=Casual Shoes , productType=Adidas-Shoes, rating={1=4.5}, review={3=Excellent Product,Nice Build Quality}, specification={5=Soft Foam}], Product [category=Shoes, description=Grey-Color, image=https://m.media-amazon.com/images/I/71TbZebcB0L._AC_UY695_.jpg, price=4000.0, productId=119, productName=Sports Shoes , productType=Puma-Shoes, rating={1=4.5}, review={3=Excellent Product,Nice Build Quality}, specification={5=Soft Foam}]]
2022-04-12 14:53:52,983 DEBUG ProductResource:109 - [] Request Shoes
2022-04-12 14:53:52,988 DEBUG ProductResource:112 - [] Response [Product [category=Shoes, description=Grey-Color, image=https://m.media-amazon.com/images/I/91hl+nIS-3L._AC_UY695_.jpg, price=3500.0, productId=116, productName=Nike-Running-Shoes, productType=Nike-Shoes, rating={1=4.5}, review={3=Excellent Product,Nice Build Quality}, specification={5=Soft Foam}], Product [category=Shoes, description=Perfect-Fit, image=https://m.media-amazon.com/images/I/718TmPwJqiL._AC_SY695._SX._UX._SY._UY_.jpg, price=5000.0, productId=117, productName=Running Shoes , productType=Wonesion-Shoes, rating={1=4.5}, review={3=Excellent Product,Nice Build Quality}, specification={5=Soft Foam}], Product [category=Shoes, description=Black-Color, image=https://m.media-amazon.com/images/I/714aOJAjxSL._AC_UY695_.jpg, price=6000.0, productId=118, productName=Casual Shoes , productType=Adidas-Shoes, rating={1=4.5}, review={3=Excellent Product,Nice Build Quality}, specification={5=Soft Foam}], Product [category=Shoes, description=Grey-Color, image=https://m.media-amazon.com/images/I/71TbZebcB0L._AC_UY695_.jpg, price=4000.0, productId=119, productName=Sports Shoes , productType=Puma-Shoes, rating={1=4.5}, review={3=Excellent Product,Nice Build Quality}, specification={5=Soft Foam}]]
2022-04-12 14:55:16,293 INFO  ConfigClusterResolver:43 - [] Resolving eureka endpoints via configuration
2022-04-12 14:59:39,618 DEBUG ProductResource:109 - [] Request Shoes
2022-04-12 14:59:39,659 DEBUG ProductResource:112 - [] Response [Product [category=Shoes, description=Grey-Color, image=https://m.media-amazon.com/images/I/91hl+nIS-3L._AC_UY695_.jpg, price=3500.0, productId=116, productName=Nike-Running-Shoes, productType=Nike-Shoes, rating={1=4.5}, review={3=Excellent Product,Nice Build Quality}, specification={5=Soft Foam}], Product [category=Shoes, description=Perfect-Fit, image=https://m.media-amazon.com/images/I/718TmPwJqiL._AC_SY695._SX._UX._SY._UY_.jpg, price=5000.0, productId=117, productName=Running Shoes , productType=Wonesion-Shoes, rating={1=4.5}, review={3=Excellent Product,Nice Build Quality}, specification={5=Soft Foam}], Product [category=Shoes, description=Black-Color, image=https://m.media-amazon.com/images/I/714aOJAjxSL._AC_UY695_.jpg, price=6000.0, productId=118, productName=Casual Shoes , productType=Adidas-Shoes, rating={1=4.5}, review={3=Excellent Product,Nice Build Quality}, specification={5=Soft Foam}], Product [category=Shoes, description=Grey-Color, image=https://m.media-amazon.com/images/I/71TbZebcB0L._AC_UY695_.jpg, price=4000.0, productId=119, productName=Sports Shoes , productType=Puma-Shoes, rating={1=4.5}, review={3=Excellent Product,Nice Build Quality}, specification={5=Soft Foam}]]
2022-04-12 15:00:16,298 INFO  ConfigClusterResolver:43 - [] Resolving eureka endpoints via configuration
2022-04-12 15:05:16,310 INFO  ConfigClusterResolver:43 - [] Resolving eureka endpoints via configuration
